[sudo] password for etapadmin: (Veritabanı okunuyor ... 172191 dosya veya dizin kurulu durumda.)
Kaldırılıyor client (1) ...
[sudo] password for etapadmin: dpkg: hata: paketleri, içinde geldikleri dosyanın adlarını değil paket adlarını kullanarak belirtmelisiniz

Paket kurma ve kaldırma hakkında yardım almak için dpkg --help yazın [*];
Kullanıcı dostu paket yönetimi için 'apt' veya 'aptitude' araçlarını kullanın;
dpkg ile kullanabileceğiniz hata ayıklama bayraklarının listesini görmek için
dpkg -Dhelp yazın;
Zorlama seçeneklerinin listesini görmek için dpkg --force-help yazın;
*.deb dosyalarını değiştirme hakkında bilgi almak için dpkg-deb --help yazın;

[*] ile işaretlenmiş komutlar çok miktarda çıktı üretir - 'less' ya da
'more' araçları ile birlikte kullanın !
[sudo] password for etapadmin: Daha önce seçili olmayan client paketi seçiliyor.
(Veritabanı okunuyor ... 172152 dosya veya dizin kurulu durumda.)
Paket açma hazırlığı clientdeb.deb ...
Paket açılıyor client (1) ...
Ayarlanıyor client (1) ...
[sudo] password for etapadmin: (Veritabanı okunuyor ... 172191 dosya veya dizin kurulu durumda.)
Paket açma hazırlığı clientdeb.deb ...
Paket açılıyor client (1) üzerine (1) ...
Ayarlanıyor client (1) ...
[sudo] password for etapadmin: (Veritabanı okunuyor ... 172191 dosya veya dizin kurulu durumda.)
Kaldırılıyor client (1) ...
[sudo] password for etapadmin: Daha önce seçili olmayan client paketi seçiliyor.
(Veritabanı okunuyor ... 172152 dosya veya dizin kurulu durumda.)
Paket açma hazırlığı clientdeb.deb ...
Paket açılıyor client (1) ...
Ayarlanıyor client (1) ...
